<?xml version="1.0" encoding="UTF-8"?>
<!-- Generated by org.testng.reporters.JUnitXMLReporter -->
<testsuite ignored="0" hostname="DESKTOP-FTMD7G9" failures="2" tests="2" name="Test" time="19.458" errors="0" timestamp="2022-07-21T12:56:19 IST">
  <testcase classname="TestNGProgramms.AssertTest" name="chrometest" time="8.441">
    <failure type="java.lang.AssertionError" message="The following asserts failed:
	expected [Kite-zerodha&amp;apos;s fast and elegant flagship trading platform] but found [Kite - Zerodha&amp;apos;s fast and elegant flagship trading platform]">
      <![CDATA[java.lang.AssertionError: The following asserts failed:
expected [Kite-zerodha's fast and elegant flagship trading platform] but found [Kite - Zerodha's fast and elegant flagship trading platform]
at TestNGProgramms.AssertTest.chrometest(AssertTest.java:26)
at java.base/java.util.ArrayList.forEach(ArrayList.java:1511)
... Removed 29 stack frames]]>
    </failure>
  </testcase> <!-- chrometest -->
  <testcase classname="TestNGProgramms.AssertTest" name="edgeTest" time="10.93">
    <failure type="java.lang.AssertionError" message="expected [Facebook – log in or sign up] but found [Facebook- log in or sign up]">
      <![CDATA[java.lang.AssertionError: expected [Facebook – log in or sign up] but found [Facebook- log in or sign up]
at TestNGProgramms.AssertTest.edgeTest(AssertTest.java:37)
at java.base/java.util.ArrayList.forEach(ArrayList.java:1511)
... Removed 33 stack frames]]>
    </failure>
  </testcase> <!-- edgeTest -->
</testsuite> <!-- Test -->
